2019-04-13 11:12:00--DEBUG-freemarker.cache-main:TemplateLoader.findTemplateSource("test-view/test-view_en.ftl"): Not found
2019-04-13 11:12:00--DEBUG-freemarker.cache-main:TemplateLoader.findTemplateSource("test-view/test-view.ftl"): Found
2019-04-13 11:12:00--DEBUG-freemarker.cache-main:Loading template for "test-view/test-view.ftl"("en", UTF-8, parsed) from "jar:file:/C:/Users/Sujoy/.m2/repository/com/aventstack/extentreports/3.1.5/extentreports-3.1.5.jar!/com/aventstack/extentreports/view/html-report/test-view/test-view.ftl"
2019-04-13 11:12:00--DEBUG-freemarker.cache-main:Couldn't find template in cache for "test-view/test-view-charts.ftl"("en", UTF-8, parsed); will try to load it.
2019-04-13 11:12:00--DEBUG-freemarker.cache-main:TemplateLoader.findTemplateSource("test-view/test-view-charts_en.ftl"): Not found
2019-04-13 11:12:00--DEBUG-freemarker.cache-main:TemplateLoader.findTemplateSource("test-view/test-view-charts.ftl"): Found
2019-04-13 11:12:00--DEBUG-freemarker.cache-main:Loading template for "test-view/test-view-charts.ftl"("en", UTF-8, parsed) from "jar:file:/C:/Users/Sujoy/.m2/repository/com/aventstack/extentreports/3.1.5/extentreports-3.1.5.jar!/com/aventstack/extentreports/view/html-report/test-view/test-view-charts.ftl"
2019-04-13 11:12:00--DEBUG-freemarker.cache-main:Couldn't find template in cache for "test-view/standard.ftl"("en", UTF-8, parsed); will try to load it.
2019-04-13 11:12:00--DEBUG-freemarker.cache-main:TemplateLoader.findTemplateSource("test-view/standard_en.ftl"): Not found
2019-04-13 11:12:00--DEBUG-freemarker.cache-main:TemplateLoader.findTemplateSource("test-view/standard.ftl"): Found
2019-04-13 11:12:00--DEBUG-freemarker.cache-main:Loading template for "test-view/standard.ftl"("en", UTF-8, parsed) from "jar:file:/C:/Users/Sujoy/.m2/repository/com/aventstack/extentreports/3.1.5/extentreports-3.1.5.jar!/com/aventstack/extentreports/view/html-report/test-view/standard.ftl"
2019-04-13 11:12:00--DEBUG-freemarker.cache-main:"test-view/standard.ftl"("en", UTF-8, parsed) cached copy not yet stale; using cached.
2019-04-13 11:12:00--DEBUG-freemarker.cache-main:Couldn't find template in cache for "category-view/category-view.ftl"("en", UTF-8, parsed); will try to load it.
2019-04-13 11:12:00--DEBUG-freemarker.cache-main:TemplateLoader.findTemplateSource("category-view/category-view_en.ftl"): Not found
2019-04-13 11:12:00--DEBUG-freemarker.cache-main:TemplateLoader.findTemplateSource("category-view/category-view.ftl"): Found
2019-04-13 11:12:00--DEBUG-freemarker.cache-main:Loading template for "category-view/category-view.ftl"("en", UTF-8, parsed) from "jar:file:/C:/Users/Sujoy/.m2/repository/com/aventstack/extentreports/3.1.5/extentreports-3.1.5.jar!/com/aventstack/extentreports/view/html-report/category-view/category-view.ftl"
2019-04-13 11:12:00--DEBUG-freemarker.cache-main:Couldn't find template in cache for "author-view/author-view.ftl"("en", UTF-8, parsed); will try to load it.
2019-04-13 11:12:00--DEBUG-freemarker.cache-main:TemplateLoader.findTemplateSource("author-view/author-view_en.ftl"): Not found
2019-04-13 11:12:00--DEBUG-freemarker.cache-main:TemplateLoader.findTemplateSource("author-view/author-view.ftl"): Found
2019-04-13 11:12:00--DEBUG-freemarker.cache-main:Loading template for "author-view/author-view.ftl"("en", UTF-8, parsed) from "jar:file:/C:/Users/Sujoy/.m2/repository/com/aventstack/extentreports/3.1.5/extentreports-3.1.5.jar!/com/aventstack/extentreports/view/html-report/author-view/author-view.ftl"
2019-04-13 11:12:00--DEBUG-freemarker.cache-main:Couldn't find template in cache for "exception-view/exception-view.ftl"("en", UTF-8, parsed); will try to load it.
2019-04-13 11:12:00--DEBUG-freemarker.cache-main:TemplateLoader.findTemplateSource("exception-view/exception-view_en.ftl"): Not found
2019-04-13 11:12:00--DEBUG-freemarker.cache-main:TemplateLoader.findTemplateSource("exception-view/exception-view.ftl"): Found
2019-04-13 11:12:00--DEBUG-freemarker.cache-main:Loading template for "exception-view/exception-view.ftl"("en", UTF-8, parsed) from "jar:file:/C:/Users/Sujoy/.m2/repository/com/aventstack/extentreports/3.1.5/extentreports-3.1.5.jar!/com/aventstack/extentreports/view/html-report/exception-view/exception-view.ftl"
2019-04-13 11:12:00--DEBUG-freemarker.cache-main:Couldn't find template in cache for "dashboard-view/dashboard-view.ftl"("en", UTF-8, parsed); will try to load it.
2019-04-13 11:12:00--DEBUG-freemarker.cache-main:TemplateLoader.findTemplateSource("dashboard-view/dashboard-view_en.ftl"): Not found
2019-04-13 11:12:00--DEBUG-freemarker.cache-main:TemplateLoader.findTemplateSource("dashboard-view/dashboard-view.ftl"): Found
2019-04-13 11:12:00--DEBUG-freemarker.cache-main:Loading template for "dashboard-view/dashboard-view.ftl"("en", UTF-8, parsed) from "jar:file:/C:/Users/Sujoy/.m2/repository/com/aventstack/extentreports/3.1.5/extentreports-3.1.5.jar!/com/aventstack/extentreports/view/html-report/dashboard-view/dashboard-view.ftl"
2019-04-13 11:12:00--DEBUG-freemarker.cache-main:Couldn't find template in cache for "logs-view/testrunner-logs-view.ftl"("en", UTF-8, parsed); will try to load it.
2019-04-13 11:12:00--DEBUG-freemarker.cache-main:TemplateLoader.findTemplateSource("logs-view/testrunner-logs-view_en.ftl"): Not found
2019-04-13 11:12:00--DEBUG-freemarker.cache-main:TemplateLoader.findTemplateSource("logs-view/testrunner-logs-view.ftl"): Found
2019-04-13 11:12:00--DEBUG-freemarker.cache-main:Loading template for "logs-view/testrunner-logs-view.ftl"("en", UTF-8, parsed) from "jar:file:/C:/Users/Sujoy/.m2/repository/com/aventstack/extentreports/3.1.5/extentreports-3.1.5.jar!/com/aventstack/extentreports/view/html-report/logs-view/testrunner-logs-view.ftl"
2019-04-13 11:41:12--INFO -mercury.pages.LoginPage-main:User Name Entered
2019-04-13 11:41:12--INFO -mercury.pages.LoginPage-main:Password Entered
2019-04-13 11:41:17--INFO -mercury.pages.LoginPage-main:Clicked on Login Btn
2019-04-13 11:41:19--INFO -mercury.testcases.RegisterTest-main:---Register Test Started---
2019-04-13 11:41:20--INFO -mercury.pages.RegisterPage-main:Clicked on Register Btn
2019-04-13 11:41:20--INFO -mercury.pages.RegisterPage-main:Value Entered in FirstName successfully
2019-04-13 11:41:20--INFO -mercury.pages.RegisterPage-main:LastName Entered successfully
2019-04-13 11:41:20--INFO -mercury.pages.RegisterPage-main:Phone Number Entered successfully
2019-04-13 11:41:20--INFO -mercury.pages.RegisterPage-main:Email Entered successfully
2019-04-13 11:41:20--INFO -mercury.pages.RegisterPage-main:User Name Entered successfully
2019-04-13 11:41:20--INFO -mercury.pages.RegisterPage-main:Password Entered successfully
2019-04-13 11:41:20--INFO -mercury.pages.RegisterPage-main:Confirm Password Entered successfully
2019-04-13 11:41:22--INFO -mercury.pages.RegisterPage-main:Clicked on Register Btn
2019-04-13 11:41:22--INFO -mercury.testcases.RegisterTest-main:---Register Test Completed---
2019-04-13 11:41:22--DEBUG-freemarker.cache-main:Couldn't find template in cache for "index.ftl"("en", UTF-8, parsed); will try to load it.
2019-04-13 11:41:22--DEBUG-freemarker.cache-main:TemplateLoader.findTemplateSource("index_en.ftl"): Not found
2019-04-13 11:41:22--DEBUG-freemarker.cache-main:TemplateLoader.findTemplateSource("index.ftl"): Found
2019-04-13 11:41:22--DEBUG-freemarker.cache-main:Loading template for "index.ftl"("en", UTF-8, parsed) from "jar:file:/C:/Users/Sujoy/.m2/repository/com/aventstack/extentreports/3.1.5/extentreports-3.1.5.jar!/com/aventstack/extentreports/view/html-report/index.ftl"
2019-04-13 11:41:23--DEBUG-freemarker.cache-main:Couldn't find template in cache for "head.ftl"("en", UTF-8, parsed); will try to load it.
2019-04-13 11:41:23--DEBUG-freemarker.cache-main:TemplateLoader.findTemplateSource("head_en.ftl"): Not found
2019-04-13 11:41:23--DEBUG-freemarker.cache-main:TemplateLoader.findTemplateSource("head.ftl"): Found
2019-04-13 11:41:23--DEBUG-freemarker.cache-main:Loading template for "head.ftl"("en", UTF-8, parsed) from "jar:file:/C:/Users/Sujoy/.m2/repository/com/aventstack/extentreports/3.1.5/extentreports-3.1.5.jar!/com/aventstack/extentreports/view/html-report/head.ftl"
2019-04-13 11:41:23--DEBUG-freemarker.cache-main:Couldn't find template in cache for "nav.ftl"("en", UTF-8, parsed); will try to load it.
2019-04-13 11:41:23--DEBUG-freemarker.cache-main:TemplateLoader.findTemplateSource("nav_en.ftl"): Not found
2019-04-13 11:41:23--DEBUG-freemarker.cache-main:TemplateLoader.findTemplateSource("nav.ftl"): Found
2019-04-13 11:41:23--DEBUG-freemarker.cache-main:Loading template for "nav.ftl"("en", UTF-8, parsed) from "jar:file:/C:/Users/Sujoy/.m2/repository/com/aventstack/extentreports/3.1.5/extentreports-3.1.5.jar!/com/aventstack/extentreports/view/html-report/nav.ftl"
2019-04-13 11:41:23--DEBUG-freemarker.cache-main:Couldn't find template in cache for "test-view/test-view.ftl"("en", UTF-8, parsed); will try to load it.
2019-04-13 11:41:23--DEBUG-freemarker.cache-main:TemplateLoader.findTemplateSource("test-view/test-view_en.ftl"): Not found
2019-04-13 11:41:23--DEBUG-freemarker.cache-main:TemplateLoader.findTemplateSource("test-view/test-view.ftl"): Found
2019-04-13 11:41:23--DEBUG-freemarker.cache-main:Loading template for "test-view/test-view.ftl"("en", UTF-8, parsed) from "jar:file:/C:/Users/Sujoy/.m2/repository/com/aventstack/extentreports/3.1.5/extentreports-3.1.5.jar!/com/aventstack/extentreports/view/html-report/test-view/test-view.ftl"
2019-04-13 11:41:23--DEBUG-freemarker.cache-main:Couldn't find template in cache for "test-view/test-view-charts.ftl"("en", UTF-8, parsed); will try to load it.
2019-04-13 11:41:23--DEBUG-freemarker.cache-main:TemplateLoader.findTemplateSource("test-view/test-view-charts_en.ftl"): Not found
2019-04-13 11:41:23--DEBUG-freemarker.cache-main:TemplateLoader.findTemplateSource("test-view/test-view-charts.ftl"): Found
2019-04-13 11:41:23--DEBUG-freemarker.cache-main:Loading template for "test-view/test-view-charts.ftl"("en", UTF-8, parsed) from "jar:file:/C:/Users/Sujoy/.m2/repository/com/aventstack/extentreports/3.1.5/extentreports-3.1.5.jar!/com/aventstack/extentreports/view/html-report/test-view/test-view-charts.ftl"
2019-04-13 11:41:23--DEBUG-freemarker.cache-main:Couldn't find template in cache for "test-view/standard.ftl"("en", UTF-8, parsed); will try to load it.
2019-04-13 11:41:23--DEBUG-freemarker.cache-main:TemplateLoader.findTemplateSource("test-view/standard_en.ftl"): Not found
2019-04-13 11:41:23--DEBUG-freemarker.cache-main:TemplateLoader.findTemplateSource("test-view/standard.ftl"): Found
2019-04-13 11:41:23--DEBUG-freemarker.cache-main:Loading template for "test-view/standard.ftl"("en", UTF-8, parsed) from "jar:file:/C:/Users/Sujoy/.m2/repository/com/aventstack/extentreports/3.1.5/extentreports-3.1.5.jar!/com/aventstack/extentreports/view/html-report/test-view/standard.ftl"
2019-04-13 11:41:23--DEBUG-freemarker.cache-main:"test-view/standard.ftl"("en", UTF-8, parsed) cached copy not yet stale; using cached.
2019-04-13 11:41:23--DEBUG-freemarker.cache-main:Couldn't find template in cache for "category-view/category-view.ftl"("en", UTF-8, parsed); will try to load it.
2019-04-13 11:41:23--DEBUG-freemarker.cache-main:TemplateLoader.findTemplateSource("category-view/category-view_en.ftl"): Not found
2019-04-13 11:41:23--DEBUG-freemarker.cache-main:TemplateLoader.findTemplateSource("category-view/category-view.ftl"): Found
2019-04-13 11:41:23--DEBUG-freemarker.cache-main:Loading template for "category-view/category-view.ftl"("en", UTF-8, parsed) from "jar:file:/C:/Users/Sujoy/.m2/repository/com/aventstack/extentreports/3.1.5/extentreports-3.1.5.jar!/com/aventstack/extentreports/view/html-report/category-view/category-view.ftl"
2019-04-13 11:41:23--DEBUG-freemarker.cache-main:Couldn't find template in cache for "author-view/author-view.ftl"("en", UTF-8, parsed); will try to load it.
2019-04-13 11:41:23--DEBUG-freemarker.cache-main:TemplateLoader.findTemplateSource("author-view/author-view_en.ftl"): Not found
2019-04-13 11:41:23--DEBUG-freemarker.cache-main:TemplateLoader.findTemplateSource("author-view/author-view.ftl"): Found
2019-04-13 11:41:23--DEBUG-freemarker.cache-main:Loading template for "author-view/author-view.ftl"("en", UTF-8, parsed) from "jar:file:/C:/Users/Sujoy/.m2/repository/com/aventstack/extentreports/3.1.5/extentreports-3.1.5.jar!/com/aventstack/extentreports/view/html-report/author-view/author-view.ftl"
2019-04-13 11:41:23--DEBUG-freemarker.cache-main:Couldn't find template in cache for "exception-view/exception-view.ftl"("en", UTF-8, parsed); will try to load it.
2019-04-13 11:41:23--DEBUG-freemarker.cache-main:TemplateLoader.findTemplateSource("exception-view/exception-view_en.ftl"): Not found
2019-04-13 11:41:23--DEBUG-freemarker.cache-main:TemplateLoader.findTemplateSource("exception-view/exception-view.ftl"): Found
2019-04-13 11:41:23--DEBUG-freemarker.cache-main:Loading template for "exception-view/exception-view.ftl"("en", UTF-8, parsed) from "jar:file:/C:/Users/Sujoy/.m2/repository/com/aventstack/extentreports/3.1.5/extentreports-3.1.5.jar!/com/aventstack/extentreports/view/html-report/exception-view/exception-view.ftl"
2019-04-13 11:41:23--DEBUG-freemarker.cache-main:Couldn't find template in cache for "dashboard-view/dashboard-view.ftl"("en", UTF-8, parsed); will try to load it.
2019-04-13 11:41:23--DEBUG-freemarker.cache-main:TemplateLoader.findTemplateSource("dashboard-view/dashboard-view_en.ftl"): Not found
2019-04-13 11:41:23--DEBUG-freemarker.cache-main:TemplateLoader.findTemplateSource("dashboard-view/dashboard-view.ftl"): Found
2019-04-13 11:41:23--DEBUG-freemarker.cache-main:Loading template for "dashboard-view/dashboard-view.ftl"("en", UTF-8, parsed) from "jar:file:/C:/Users/Sujoy/.m2/repository/com/aventstack/extentreports/3.1.5/extentreports-3.1.5.jar!/com/aventstack/extentreports/view/html-report/dashboard-view/dashboard-view.ftl"
2019-04-13 11:41:23--DEBUG-freemarker.cache-main:Couldn't find template in cache for "logs-view/testrunner-logs-view.ftl"("en", UTF-8, parsed); will try to load it.
2019-04-13 11:41:23--DEBUG-freemarker.cache-main:TemplateLoader.findTemplateSource("logs-view/testrunner-logs-view_en.ftl"): Not found
2019-04-13 11:41:23--DEBUG-freemarker.cache-main:TemplateLoader.findTemplateSource("logs-view/testrunner-logs-view.ftl"): Found
2019-04-13 11:41:23--DEBUG-freemarker.cache-main:Loading template for "logs-view/testrunner-logs-view.ftl"("en", UTF-8, parsed) from "jar:file:/C:/Users/Sujoy/.m2/repository/com/aventstack/extentreports/3.1.5/extentreports-3.1.5.jar!/com/aventstack/extentreports/view/html-report/logs-view/testrunner-logs-view.ftl"
2019-04-13 11:44:47--INFO -mercury.pages.LoginPage-main:User Name Entered
2019-04-13 11:44:47--INFO -mercury.pages.LoginPage-main:Password Entered
2019-04-13 11:44:51--INFO -mercury.pages.LoginPage-main:Clicked on Login Btn
2019-04-13 11:44:53--INFO -mercury.testcases.RegisterTest-main:---Register Test Started---
2019-04-13 11:44:54--INFO -mercury.pages.RegisterPage-main:Clicked on Register Btn
2019-04-13 11:44:54--INFO -mercury.pages.RegisterPage-main:Value Entered in FirstName successfully
2019-04-13 11:44:54--INFO -mercury.pages.RegisterPage-main:LastName Entered successfully
2019-04-13 11:44:54--INFO -mercury.pages.RegisterPage-main:Phone Number Entered successfully
2019-04-13 11:44:54--INFO -mercury.pages.RegisterPage-main:Email Entered successfully
2019-04-13 11:44:54--INFO -mercury.pages.RegisterPage-main:User Name Entered successfully
2019-04-13 11:44:54--INFO -mercury.pages.RegisterPage-main:Password Entered successfully
2019-04-13 11:44:54--INFO -mercury.pages.RegisterPage-main:Confirm Password Entered successfully
2019-04-13 11:44:56--INFO -mercury.pages.RegisterPage-main:Clicked on Register Btn
2019-04-13 11:44:56--INFO -mercury.testcases.RegisterTest-main:---Register Test Completed---
2019-04-13 11:44:56--DEBUG-freemarker.cache-main:Couldn't find template in cache for "index.ftl"("en", UTF-8, parsed); will try to load it.
2019-04-13 11:44:56--DEBUG-freemarker.cache-main:TemplateLoader.findTemplateSource("index_en.ftl"): Not found
2019-04-13 11:44:56--DEBUG-freemarker.cache-main:TemplateLoader.findTemplateSource("index.ftl"): Found
2019-04-13 11:44:56--DEBUG-freemarker.cache-main:Loading template for "index.ftl"("en", UTF-8, parsed) from "jar:file:/C:/Users/Sujoy/.m2/repository/com/aventstack/extentreports/3.1.5/extentreports-3.1.5.jar!/com/aventstack/extentreports/view/html-report/index.ftl"
2019-04-13 11:44:56--DEBUG-freemarker.cache-main:Couldn't find template in cache for "head.ftl"("en", UTF-8, parsed); will try to load it.
2019-04-13 11:44:56--DEBUG-freemarker.cache-main:TemplateLoader.findTemplateSource("head_en.ftl"): Not found
2019-04-13 11:44:56--DEBUG-freemarker.cache-main:TemplateLoader.findTemplateSource("head.ftl"): Found
2019-04-13 11:44:56--DEBUG-freemarker.cache-main:Loading template for "head.ftl"("en", UTF-8, parsed) from "jar:file:/C:/Users/Sujoy/.m2/repository/com/aventstack/extentreports/3.1.5/extentreports-3.1.5.jar!/com/aventstack/extentreports/view/html-report/head.ftl"
2019-04-13 11:44:56--DEBUG-freemarker.cache-main:Couldn't find template in cache for "nav.ftl"("en", UTF-8, parsed); will try to load it.
2019-04-13 11:44:56--DEBUG-freemarker.cache-main:TemplateLoader.findTemplateSource("nav_en.ftl"): Not found
2019-04-13 11:44:56--DEBUG-freemarker.cache-main:TemplateLoader.findTemplateSource("nav.ftl"): Found
2019-04-13 11:44:56--DEBUG-freemarker.cache-main:Loading template for "nav.ftl"("en", UTF-8, parsed) from "jar:file:/C:/Users/Sujoy/.m2/repository/com/aventstack/extentreports/3.1.5/extentreports-3.1.5.jar!/com/aventstack/extentreports/view/html-report/nav.ftl"
2019-04-13 11:44:56--DEBUG-freemarker.cache-main:Couldn't find template in cache for "test-view/test-view.ftl"("en", UTF-8, parsed); will try to load it.
2019-04-13 11:44:56--DEBUG-freemarker.cache-main:TemplateLoader.findTemplateSource("test-view/test-view_en.ftl"): Not found
2019-04-13 11:44:56--DEBUG-freemarker.cache-main:TemplateLoader.findTemplateSource("test-view/test-view.ftl"): Found
2019-04-13 11:44:56--DEBUG-freemarker.cache-main:Loading template for "test-view/test-view.ftl"("en", UTF-8, parsed) from "jar:file:/C:/Users/Sujoy/.m2/repository/com/aventstack/extentreports/3.1.5/extentreports-3.1.5.jar!/com/aventstack/extentreports/view/html-report/test-view/test-view.ftl"
2019-04-13 11:44:56--DEBUG-freemarker.cache-main:Couldn't find template in cache for "test-view/test-view-charts.ftl"("en", UTF-8, parsed); will try to load it.
2019-04-13 11:44:56--DEBUG-freemarker.cache-main:TemplateLoader.findTemplateSource("test-view/test-view-charts_en.ftl"): Not found
2019-04-13 11:44:56--DEBUG-freemarker.cache-main:TemplateLoader.findTemplateSource("test-view/test-view-charts.ftl"): Found
2019-04-13 11:44:56--DEBUG-freemarker.cache-main:Loading template for "test-view/test-view-charts.ftl"("en", UTF-8, parsed) from "jar:file:/C:/Users/Sujoy/.m2/repository/com/aventstack/extentreports/3.1.5/extentreports-3.1.5.jar!/com/aventstack/extentreports/view/html-report/test-view/test-view-charts.ftl"
2019-04-13 11:44:56--DEBUG-freemarker.cache-main:Couldn't find template in cache for "test-view/standard.ftl"("en", UTF-8, parsed); will try to load it.
2019-04-13 11:44:56--DEBUG-freemarker.cache-main:TemplateLoader.findTemplateSource("test-view/standard_en.ftl"): Not found
2019-04-13 11:44:56--DEBUG-freemarker.cache-main:TemplateLoader.findTemplateSource("test-view/standard.ftl"): Found
2019-04-13 11:44:56--DEBUG-freemarker.cache-main:Loading template for "test-view/standard.ftl"("en", UTF-8, parsed) from "jar:file:/C:/Users/Sujoy/.m2/repository/com/aventstack/extentreports/3.1.5/extentreports-3.1.5.jar!/com/aventstack/extentreports/view/html-report/test-view/standard.ftl"
2019-04-13 11:44:56--DEBUG-freemarker.cache-main:"test-view/standard.ftl"("en", UTF-8, parsed) cached copy not yet stale; using cached.
2019-04-13 11:44:56--DEBUG-freemarker.cache-main:Couldn't find template in cache for "category-view/category-view.ftl"("en", UTF-8, parsed); will try to load it.
2019-04-13 11:44:56--DEBUG-freemarker.cache-main:TemplateLoader.findTemplateSource("category-view/category-view_en.ftl"): Not found
2019-04-13 11:44:56--DEBUG-freemarker.cache-main:TemplateLoader.findTemplateSource("category-view/category-view.ftl"): Found
2019-04-13 11:44:56--DEBUG-freemarker.cache-main:Loading template for "category-view/category-view.ftl"("en", UTF-8, parsed) from "jar:file:/C:/Users/Sujoy/.m2/repository/com/aventstack/extentreports/3.1.5/extentreports-3.1.5.jar!/com/aventstack/extentreports/view/html-report/category-view/category-view.ftl"
2019-04-13 11:44:56--DEBUG-freemarker.cache-main:Couldn't find template in cache for "author-view/author-view.ftl"("en", UTF-8, parsed); will try to load it.
2019-04-13 11:44:56--DEBUG-freemarker.cache-main:TemplateLoader.findTemplateSource("author-view/author-view_en.ftl"): Not found
2019-04-13 11:44:56--DEBUG-freemarker.cache-main:TemplateLoader.findTemplateSource("author-view/author-view.ftl"): Found
2019-04-13 11:44:56--DEBUG-freemarker.cache-main:Loading template for "author-view/author-view.ftl"("en", UTF-8, parsed) from "jar:file:/C:/Users/Sujoy/.m2/repository/com/aventstack/extentreports/3.1.5/extentreports-3.1.5.jar!/com/aventstack/extentreports/view/html-report/author-view/author-view.ftl"
2019-04-13 11:44:56--DEBUG-freemarker.cache-main:Couldn't find template in cache for "exception-view/exception-view.ftl"("en", UTF-8, parsed); will try to load it.
2019-04-13 11:44:56--DEBUG-freemarker.cache-main:TemplateLoader.findTemplateSource("exception-view/exception-view_en.ftl"): Not found
2019-04-13 11:44:56--DEBUG-freemarker.cache-main:TemplateLoader.findTemplateSource("exception-view/exception-view.ftl"): Found
2019-04-13 11:44:56--DEBUG-freemarker.cache-main:Loading template for "exception-view/exception-view.ftl"("en", UTF-8, parsed) from "jar:file:/C:/Users/Sujoy/.m2/repository/com/aventstack/extentreports/3.1.5/extentreports-3.1.5.jar!/com/aventstack/extentreports/view/html-report/exception-view/exception-view.ftl"
2019-04-13 11:44:56--DEBUG-freemarker.cache-main:Couldn't find template in cache for "dashboard-view/dashboard-view.ftl"("en", UTF-8, parsed); will try to load it.
2019-04-13 11:44:56--DEBUG-freemarker.cache-main:TemplateLoader.findTemplateSource("dashboard-view/dashboard-view_en.ftl"): Not found
2019-04-13 11:44:56--DEBUG-freemarker.cache-main:TemplateLoader.findTemplateSource("dashboard-view/dashboard-view.ftl"): Found
2019-04-13 11:44:56--DEBUG-freemarker.cache-main:Loading template for "dashboard-view/dashboard-view.ftl"("en", UTF-8, parsed) from "jar:file:/C:/Users/Sujoy/.m2/repository/com/aventstack/extentreports/3.1.5/extentreports-3.1.5.jar!/com/aventstack/extentreports/view/html-report/dashboard-view/dashboard-view.ftl"
2019-04-13 11:44:56--DEBUG-freemarker.cache-main:Couldn't find template in cache for "logs-view/testrunner-logs-view.ftl"("en", UTF-8, parsed); will try to load it.
2019-04-13 11:44:56--DEBUG-freemarker.cache-main:TemplateLoader.findTemplateSource("logs-view/testrunner-logs-view_en.ftl"): Not found
2019-04-13 11:44:56--DEBUG-freemarker.cache-main:TemplateLoader.findTemplateSource("logs-view/testrunner-logs-view.ftl"): Found
2019-04-13 11:44:56--DEBUG-freemarker.cache-main:Loading template for "logs-view/testrunner-logs-view.ftl"("en", UTF-8, parsed) from "jar:file:/C:/Users/Sujoy/.m2/repository/com/aventstack/extentreports/3.1.5/extentreports-3.1.5.jar!/com/aventstack/extentreports/view/html-report/logs-view/testrunner-logs-view.ftl"
2019-04-13 11:50:13--INFO -mercury.pages.LoginPage-main:User Name Entered
2019-04-13 11:50:13--INFO -mercury.pages.LoginPage-main:Password Entered
2019-04-13 11:50:18--INFO -mercury.pages.LoginPage-main:Clicked on Login Btn
2019-04-13 11:50:19--INFO -mercury.testcases.RegisterTest-main:---Register Test Started---
2019-04-13 11:50:20--INFO -mercury.pages.RegisterPage-main:Clicked on Register Btn
2019-04-13 11:50:20--INFO -mercury.pages.RegisterPage-main:Value Entered in FirstName successfully
2019-04-13 11:50:20--INFO -mercury.pages.RegisterPage-main:LastName Entered successfully
2019-04-13 11:50:21--INFO -mercury.pages.RegisterPage-main:Phone Number Entered successfully
2019-04-13 11:50:21--INFO -mercury.pages.RegisterPage-main:Email Entered successfully
2019-04-13 11:50:21--INFO -mercury.pages.RegisterPage-main:User Name Entered successfully
2019-04-13 11:50:21--INFO -mercury.pages.RegisterPage-main:Password Entered successfully
2019-04-13 11:50:21--INFO -mercury.pages.RegisterPage-main:Confirm Password Entered successfully
2019-04-13 11:50:22--INFO -mercury.pages.RegisterPage-main:Clicked on Register Btn
2019-04-13 11:50:22--INFO -mercury.testcases.RegisterTest-main:---Register Test Completed---
2019-04-13 11:50:23--DEBUG-freemarker.cache-main:Couldn't find template in cache for "index.ftl"("en", UTF-8, parsed); will try to load it.
2019-04-13 11:50:23--DEBUG-freemarker.cache-main:TemplateLoader.findTemplateSource("index_en.ftl"): Not found
2019-04-13 11:50:23--DEBUG-freemarker.cache-main:TemplateLoader.findTemplateSource("index.ftl"): Found
2019-04-13 11:50:23--DEBUG-freemarker.cache-main:Loading template for "index.ftl"("en", UTF-8, parsed) from "jar:file:/C:/Users/Sujoy/.m2/repository/com/aventstack/extentreports/3.1.5/extentreports-3.1.5.jar!/com/aventstack/extentreports/view/html-report/index.ftl"
2019-04-13 11:50:23--DEBUG-freemarker.cache-main:Couldn't find template in cache for "head.ftl"("en", UTF-8, parsed); will try to load it.
2019-04-13 11:50:23--DEBUG-freemarker.cache-main:TemplateLoader.findTemplateSource("head_en.ftl"): Not found
2019-04-13 11:50:23--DEBUG-freemarker.cache-main:TemplateLoader.findTemplateSource("head.ftl"): Found
2019-04-13 11:50:23--DEBUG-freemarker.cache-main:Loading template for "head.ftl"("en", UTF-8, parsed) from "jar:file:/C:/Users/Sujoy/.m2/repository/com/aventstack/extentreports/3.1.5/extentreports-3.1.5.jar!/com/aventstack/extentreports/view/html-report/head.ftl"
2019-04-13 11:50:23--DEBUG-freemarker.cache-main:Couldn't find template in cache for "nav.ftl"("en", UTF-8, parsed); will try to load it.
2019-04-13 11:50:23--DEBUG-freemarker.cache-main:TemplateLoader.findTemplateSource("nav_en.ftl"): Not found
2019-04-13 11:50:23--DEBUG-freemarker.cache-main:TemplateLoader.findTemplateSource("nav.ftl"): Found
2019-04-13 11:50:23--DEBUG-freemarker.cache-main:Loading template for "nav.ftl"("en", UTF-8, parsed) from "jar:file:/C:/Users/Sujoy/.m2/repository/com/aventstack/extentreports/3.1.5/extentreports-3.1.5.jar!/com/aventstack/extentreports/view/html-report/nav.ftl"
2019-04-13 11:50:23--DEBUG-freemarker.cache-main:Couldn't find template in cache for "test-view/test-view.ftl"("en", UTF-8, parsed); will try to load it.
2019-04-13 11:50:23--DEBUG-freemarker.cache-main:TemplateLoader.findTemplateSource("test-view/test-view_en.ftl"): Not found
2019-04-13 11:50:23--DEBUG-freemarker.cache-main:TemplateLoader.findTemplateSource("test-view/test-view.ftl"): Found
2019-04-13 11:50:23--DEBUG-freemarker.cache-main:Loading template for "test-view/test-view.ftl"("en", UTF-8, parsed) from "jar:file:/C:/Users/Sujoy/.m2/repository/com/aventstack/extentreports/3.1.5/extentreports-3.1.5.jar!/com/aventstack/extentreports/view/html-report/test-view/test-view.ftl"
2019-04-13 11:50:23--DEBUG-freemarker.cache-main:Couldn't find template in cache for "test-view/test-view-charts.ftl"("en", UTF-8, parsed); will try to load it.
2019-04-13 11:50:23--DEBUG-freemarker.cache-main:TemplateLoader.findTemplateSource("test-view/test-view-charts_en.ftl"): Not found
2019-04-13 11:50:23--DEBUG-freemarker.cache-main:TemplateLoader.findTemplateSource("test-view/test-view-charts.ftl"): Found
2019-04-13 11:50:23--DEBUG-freemarker.cache-main:Loading template for "test-view/test-view-charts.ftl"("en", UTF-8, parsed) from "jar:file:/C:/Users/Sujoy/.m2/repository/com/aventstack/extentreports/3.1.5/extentreports-3.1.5.jar!/com/aventstack/extentreports/view/html-report/test-view/test-view-charts.ftl"
2019-04-13 11:50:23--DEBUG-freemarker.cache-main:Couldn't find template in cache for "test-view/standard.ftl"("en", UTF-8, parsed); will try to load it.
2019-04-13 11:50:23--DEBUG-freemarker.cache-main:TemplateLoader.findTemplateSource("test-view/standard_en.ftl"): Not found
2019-04-13 11:50:23--DEBUG-freemarker.cache-main:TemplateLoader.findTemplateSource("test-view/standard.ftl"): Found
2019-04-13 11:50:23--DEBUG-freemarker.cache-main:Loading template for "test-view/standard.ftl"("en", UTF-8, parsed) from "jar:file:/C:/Users/Sujoy/.m2/repository/com/aventstack/extentreports/3.1.5/extentreports-3.1.5.jar!/com/aventstack/extentreports/view/html-report/test-view/standard.ftl"
2019-04-13 11:50:23--DEBUG-freemarker.cache-main:"test-view/standard.ftl"("en", UTF-8, parsed) cached copy not yet stale; using cached.
2019-04-13 11:50:23--DEBUG-freemarker.cache-main:Couldn't find template in cache for "category-view/category-view.ftl"("en", UTF-8, parsed); will try to load it.
2019-04-13 11:50:23--DEBUG-freemarker.cache-main:TemplateLoader.findTemplateSource("category-view/category-view_en.ftl"): Not found
2019-04-13 11:50:23--DEBUG-freemarker.cache-main:TemplateLoader.findTemplateSource("category-view/category-view.ftl"): Found
2019-04-13 11:50:23--DEBUG-freemarker.cache-main:Loading template for "category-view/category-view.ftl"("en", UTF-8, parsed) from "jar:file:/C:/Users/Sujoy/.m2/repository/com/aventstack/extentreports/3.1.5/extentreports-3.1.5.jar!/com/aventstack/extentreports/view/html-report/category-view/category-view.ftl"
2019-04-13 11:50:23--DEBUG-freemarker.cache-main:Couldn't find template in cache for "author-view/author-view.ftl"("en", UTF-8, parsed); will try to load it.
2019-04-13 11:50:23--DEBUG-freemarker.cache-main:TemplateLoader.findTemplateSource("author-view/author-view_en.ftl"): Not found
2019-04-13 11:50:23--DEBUG-freemarker.cache-main:TemplateLoader.findTemplateSource("author-view/author-view.ftl"): Found
2019-04-13 11:50:23--DEBUG-freemarker.cache-main:Loading template for "author-view/author-view.ftl"("en", UTF-8, parsed) from "jar:file:/C:/Users/Sujoy/.m2/repository/com/aventstack/extentreports/3.1.5/extentreports-3.1.5.jar!/com/aventstack/extentreports/view/html-report/author-view/author-view.ftl"
2019-04-13 11:50:23--DEBUG-freemarker.cache-main:Couldn't find template in cache for "exception-view/exception-view.ftl"("en", UTF-8, parsed); will try to load it.
2019-04-13 11:50:23--DEBUG-freemarker.cache-main:TemplateLoader.findTemplateSource("exception-view/exception-view_en.ftl"): Not found
2019-04-13 11:50:23--DEBUG-freemarker.cache-main:TemplateLoader.findTemplateSource("exception-view/exception-view.ftl"): Found
2019-04-13 11:50:23--DEBUG-freemarker.cache-main:Loading template for "exception-view/exception-view.ftl"("en", UTF-8, parsed) from "jar:file:/C:/Users/Sujoy/.m2/repository/com/aventstack/extentreports/3.1.5/extentreports-3.1.5.jar!/com/aventstack/extentreports/view/html-report/exception-view/exception-view.ftl"
2019-04-13 11:50:23--DEBUG-freemarker.cache-main:Couldn't find template in cache for "dashboard-view/dashboard-view.ftl"("en", UTF-8, parsed); will try to load it.
2019-04-13 11:50:23--DEBUG-freemarker.cache-main:TemplateLoader.findTemplateSource("dashboard-view/dashboard-view_en.ftl"): Not found
2019-04-13 11:50:23--DEBUG-freemarker.cache-main:TemplateLoader.findTemplateSource("dashboard-view/dashboard-view.ftl"): Found
2019-04-13 11:50:23--DEBUG-freemarker.cache-main:Loading template for "dashboard-view/dashboard-view.ftl"("en", UTF-8, parsed) from "jar:file:/C:/Users/Sujoy/.m2/repository/com/aventstack/extentreports/3.1.5/extentreports-3.1.5.jar!/com/aventstack/extentreports/view/html-report/dashboard-view/dashboard-view.ftl"
2019-04-13 11:50:23--DEBUG-freemarker.cache-main:Couldn't find template in cache for "logs-view/testrunner-logs-view.ftl"("en", UTF-8, parsed); will try to load it.
2019-04-13 11:50:23--DEBUG-freemarker.cache-main:TemplateLoader.findTemplateSource("logs-view/testrunner-logs-view_en.ftl"): Not found
2019-04-13 11:50:23--DEBUG-freemarker.cache-main:TemplateLoader.findTemplateSource("logs-view/testrunner-logs-view.ftl"): Found
2019-04-13 11:50:23--DEBUG-freemarker.cache-main:Loading template for "logs-view/testrunner-logs-view.ftl"("en", UTF-8, parsed) from "jar:file:/C:/Users/Sujoy/.m2/repository/com/aventstack/extentreports/3.1.5/extentreports-3.1.5.jar!/com/aventstack/extentreports/view/html-report/logs-view/testrunner-logs-view.ftl"
